[debug] [2022-11-15T10:10:41.861Z] ----------------------------------------------------------------------
[debug] [2022-11-15T10:10:41.863Z] Command:       C:\Program Files\nodejs\node.exe C:\Program Files\nodejs\node_modules\firebase-tools\lib\bin\firebase.js init
[debug] [2022-11-15T10:10:41.864Z] CLI Version:   11.1.0
[debug] [2022-11-15T10:10:41.864Z] Platform:      win32
[debug] [2022-11-15T10:10:41.864Z] Node Version:  v16.13.0
[debug] [2022-11-15T10:10:41.866Z] Time:          Tue Nov 15 2022 11:10:41 GMT+0100 (Central European Standard Time)
[debug] [2022-11-15T10:10:41.866Z] ----------------------------------------------------------------------
[debug] 
[debug] [2022-11-15T10:10:41.876Z] >>> [apiv2][query] GET https://firebase-public.firebaseio.com/cli.json [none]
[debug] [2022-11-15T10:10:41.898Z] > command requires scopes: ["email","openid","https://www.googleapis.com/auth/cloudplatformprojects.readonly","https://www.googleapis.com/auth/firebase","https://www.googleapis.com/auth/cloud-platform"]
[debug] [2022-11-15T10:10:41.898Z] > authorizing via signed-in user (vitaliyhappy94@gmail.com)
[info] 
     ######## #### ########  ######## ########     ###     ######  ########
     ##        ##  ##     ## ##       ##     ##  ##   ##  ##       ##
     ######    ##  ########  ######   ########  #########  ######  ######
     ##        ##  ##    ##  ##       ##     ## ##     ##       ## ##
     ##       #### ##     ## ######## ########  ##     ##  ######  ########

You're about to initialize a Firebase project in this directory:

  E:\Mifort\agency

[debug] [2022-11-15T10:10:42.237Z] <<< [apiv2][status] GET https://firebase-public.firebaseio.com/cli.json 200
[debug] [2022-11-15T10:10:42.237Z] <<< [apiv2][body] GET https://firebase-public.firebaseio.com/cli.json {"cloudBuildErrorAfter":1594252800000,"cloudBuildWarnAfter":1590019200000,"defaultNode10After":1594252800000,"minVersion":"3.0.5","node8DeploysDisabledAfter":1613390400000,"node8RuntimeDisabledAfter":1615809600000,"node8WarnAfter":1600128000000}
